[17:21:15] [main/INFO]: LiteLoader 1.12.2 starting up...
[17:21:15] [main/INFO]: Active Pack: 1.12.2-SNAPSHOT-r4CC2BB0-b4-4
[17:21:15] [main/INFO]: Java reports OS="windows 10"
[17:21:15] [main/INFO]: Adding supported mod class prefix 'LiteMod'
[17:21:15] [main/INFO]: Enumerating class path...
[17:21:15] [main/INFO]: Class path separator=";"
[17:21:15] [main/INFO]: Class path entries=(
   classpathEntry=d:\Users\Administrator\Documents\GitHub\Minecraft-1.12.2-Build\.minecraft\libraries\net\minecraft\launchwrapper\1.12\launchwrapper-1.12.jar
   classpathEntry=d:\Users\Administrator\Documents\GitHub\Minecraft-1.12.2-Build\.minecraft\libraries\org\ow2\asm\asm-all\5.2\asm-all-5.2.jar
   classpathEntry=d:\Users\Administrator\Documents\GitHub\Minecraft-1.12.2-Build\.minecraft\libraries\com\mumfrey\liteloader\1.12.2-20171128.144431-4\liteloader-1.12.2-20171128.144431-4.jar
   classpathEntry=d:\Users\Administrator\Documents\GitHub\Minecraft-1.12.2-Build\.minecraft\libraries\net\minecraftforge\forge\1.12.2-14.23.5.2847\forge-1.12.2-14.23.5.2847.jar
   classpathEntry=d:\Users\Administrator\Documents\GitHub\Minecraft-1.12.2-Build\.minecraft\libraries\org\jline\jline\3.5.1\jline-3.5.1.jar
   classpathEntry=d:\Users\Administrator\Documents\GitHub\Minecraft-1.12.2-Build\.minecraft\libraries\net\java\dev\jna\jna\4.4.0\jna-4.4.0.jar
   classpathEntry=d:\Users\Administrator\Documents\GitHub\Minecraft-1.12.2-Build\.minecraft\libraries\com\typesafe\akka\akka-actor_2.11\2.3.3\akka-actor_2.11-2.3.3.jar
   classpathEntry=d:\Users\Administrator\Documents\GitHub\Minecraft-1.12.2-Build\.minecraft\libraries\com\typesafe\config\1.2.1\config-1.2.1.jar
   classpathEntry=d:\Users\Administrator\Documents\GitHub\Minecraft-1.12.2-Build\.minecraft\libraries\org\scala-lang\scala-actors-migration_2.11\1.1.0\scala-actors-migration_2.11-1.1.0.jar
   classpathEntry=d:\Users\Administrator\Documents\GitHub\Minecraft-1.12.2-Build\.minecraft\libraries\org\scala-lang\scala-compiler\2.11.1\scala-compiler-2.11.1.jar
   classpathEntry=d:\Users\Administrator\Documents\GitHub\Minecraft-1.12.2-Build\.minecraft\libraries\org\scala-lang\plugins\scala-continuations-library_2.11\1.0.2\scala-continuations-library_2.11-1.0.2.jar
   classpathEntry=d:\Users\Administrator\Documents\GitHub\Minecraft-1.12.2-Build\.minecraft\libraries\org\scala-lang\plugins\scala-continuations-plugin_2.11.1\1.0.2\scala-continuations-plugin_2.11.1-1.0.2.jar
   classpathEntry=d:\Users\Administrator\Documents\GitHub\Minecraft-1.12.2-Build\.minecraft\libraries\org\scala-lang\scala-library\2.11.1\scala-library-2.11.1.jar
   classpathEntry=d:\Users\Administrator\Documents\GitHub\Minecraft-1.12.2-Build\.minecraft\libraries\org\scala-lang\scala-parser-combinators_2.11\1.0.1\scala-parser-combinators_2.11-1.0.1.jar
   classpathEntry=d:\Users\Administrator\Documents\GitHub\Minecraft-1.12.2-Build\.minecraft\libraries\org\scala-lang\scala-reflect\2.11.1\scala-reflect-2.11.1.jar
   classpathEntry=d:\Users\Administrator\Documents\GitHub\Minecraft-1.12.2-Build\.minecraft\libraries\org\scala-lang\scala-swing_2.11\1.0.1\scala-swing_2.11-1.0.1.jar
   classpathEntry=d:\Users\Administrator\Documents\GitHub\Minecraft-1.12.2-Build\.minecraft\libraries\org\scala-lang\scala-xml_2.11\1.0.2\scala-xml_2.11-1.0.2.jar
   classpathEntry=d:\Users\Administrator\Documents\GitHub\Minecraft-1.12.2-Build\.minecraft\libraries\lzma\lzma\0.0.1\lzma-0.0.1.jar
   classpathEntry=d:\Users\Administrator\Documents\GitHub\Minecraft-1.12.2-Build\.minecraft\libraries\net\sf\jopt-simple\jopt-simple\5.0.3\jopt-simple-5.0.3.jar
   classpathEntry=d:\Users\Administrator\Documents\GitHub\Minecraft-1.12.2-Build\.minecraft\libraries\java3d\vecmath\1.5.2\vecmath-1.5.2.jar
   classpathEntry=d:\Users\Administrator\Documents\GitHub\Minecraft-1.12.2-Build\.minecraft\libraries\net\sf\trove4j\trove4j\3.0.3\trove4j-3.0.3.jar
   classpathEntry=d:\Users\Administrator\Documents\GitHub\Minecraft-1.12.2-Build\.minecraft\libraries\org\apache\maven\maven-artifact\3.5.3\maven-artifact-3.5.3.jar
   classpathEntry=d:\Users\Administrator\Documents\GitHub\Minecraft-1.12.2-Build\.minecraft\libraries\com\mojang\patchy\1.1\patchy-1.1.jar
   classpathEntry=d:\Users\Administrator\Documents\GitHub\Minecraft-1.12.2-Build\.minecraft\libraries\oshi-project\oshi-core\1.1\oshi-core-1.1.jar
   classpathEntry=d:\Users\Administrator\Documents\GitHub\Minecraft-1.12.2-Build\.minecraft\libraries\net\java\dev\jna\platform\3.4.0\platform-3.4.0.jar
   classpathEntry=d:\Users\Administrator\Documents\GitHub\Minecraft-1.12.2-Build\.minecraft\libraries\com\ibm\icu\icu4j-core-mojang\51.2\icu4j-core-mojang-51.2.jar
   classpathEntry=d:\Users\Administrator\Documents\GitHub\Minecraft-1.12.2-Build\.minecraft\libraries\com\paulscode\codecjorbis\20101023\codecjorbis-20101023.jar
   classpathEntry=d:\Users\Administrator\Documents\GitHub\Minecraft-1.12.2-Build\.minecraft\libraries\com\paulscode\codecwav\20101023\codecwav-20101023.jar
   classpathEntry=d:\Users\Administrator\Documents\GitHub\Minecraft-1.12.2-Build\.minecraft\libraries\com\paulscode\libraryjavasound\20101123\libraryjavasound-20101123.jar
   classpathEntry=d:\Users\Administrator\Documents\GitHub\Minecraft-1.12.2-Build\.minecraft\libraries\com\paulscode\librarylwjglopenal\20100824\librarylwjglopenal-20100824.jar
   classpathEntry=d:\Users\Administrator\Documents\GitHub\Minecraft-1.12.2-Build\.minecraft\libraries\com\paulscode\soundsystem\20120107\soundsystem-20120107.jar
   classpathEntry=d:\Users\Administrator\Documents\GitHub\Minecraft-1.12.2-Build\.minecraft\libraries\io\netty\netty-all\4.1.9.Final\netty-all-4.1.9.Final.jar
   classpathEntry=d:\Users\Administrator\Documents\GitHub\Minecraft-1.12.2-Build\.minecraft\libraries\com\google\guava\guava\21.0\guava-21.0.jar
   classpathEntry=d:\Users\Administrator\Documents\GitHub\Minecraft-1.12.2-Build\.minecraft\libraries\org\apache\commons\commons-lang3\3.5\commons-lang3-3.5.jar
   classpathEntry=d:\Users\Administrator\Documents\GitHub\Minecraft-1.12.2-Build\.minecraft\libraries\commons-io\commons-io\2.5\commons-io-2.5.jar
   classpathEntry=d:\Users\Administrator\Documents\GitHub\Minecraft-1.12.2-Build\.minecraft\libraries\commons-codec\commons-codec\1.10\commons-codec-1.10.jar
   classpathEntry=d:\Users\Administrator\Documents\GitHub\Minecraft-1.12.2-Build\.minecraft\libraries\net\java\jinput\jinput\2.0.5\jinput-2.0.5.jar
   classpathEntry=d:\Users\Administrator\Documents\GitHub\Minecraft-1.12.2-Build\.minecraft\libraries\net\java\jutils\jutils\1.0.0\jutils-1.0.0.jar
   classpathEntry=d:\Users\Administrator\Documents\GitHub\Minecraft-1.12.2-Build\.minecraft\libraries\com\google\code\gson\gson\2.8.0\gson-2.8.0.jar
   classpathEntry=d:\Users\Administrator\Documents\GitHub\Minecraft-1.12.2-Build\.minecraft\libraries\com\mojang\authlib\1.5.25\authlib-1.5.25.jar
   classpathEntry=d:\Users\Administrator\Documents\GitHub\Minecraft-1.12.2-Build\.minecraft\libraries\com\mojang\realms\1.10.22\realms-1.10.22.jar
   classpathEntry=d:\Users\Administrator\Documents\GitHub\Minecraft-1.12.2-Build\.minecraft\libraries\org\apache\commons\commons-compress\1.8.1\commons-compress-1.8.1.jar
   classpathEntry=d:\Users\Administrator\Documents\GitHub\Minecraft-1.12.2-Build\.minecraft\libraries\org\apache\httpcomponents\httpclient\4.3.3\httpclient-4.3.3.jar
   classpathEntry=d:\Users\Administrator\Documents\GitHub\Minecraft-1.12.2-Build\.minecraft\libraries\commons-logging\commons-logging\1.1.3\commons-logging-1.1.3.jar
   classpathEntry=d:\Users\Administrator\Documents\GitHub\Minecraft-1.12.2-Build\.minecraft\libraries\org\apache\httpcomponents\httpcore\4.3.2\httpcore-4.3.2.jar
   classpathEntry=d:\Users\Administrator\Documents\GitHub\Minecraft-1.12.2-Build\.minecraft\libraries\it\unimi\dsi\fastutil\7.1.0\fastutil-7.1.0.jar
   classpathEntry=d:\Users\Administrator\Documents\GitHub\Minecraft-1.12.2-Build\.minecraft\libraries\org\apache\logging\log4j\log4j-api\2.8.1\log4j-api-2.8.1.jar
   classpathEntry=d:\Users\Administrator\Documents\GitHub\Minecraft-1.12.2-Build\.minecraft\libraries\org\apache\logging\log4j\log4j-core\2.8.1\log4j-core-2.8.1.jar
   classpathEntry=d:\Users\Administrator\Documents\GitHub\Minecraft-1.12.2-Build\.minecraft\libraries\org\lwjgl\lwjgl\lwjgl\2.9.4-nightly-20150209\lwjgl-2.9.4-nightly-20150209.jar
   classpathEntry=d:\Users\Administrator\Documents\GitHub\Minecraft-1.12.2-Build\.minecraft\libraries\org\lwjgl\lwjgl\lwjgl_util\2.9.4-nightly-20150209\lwjgl_util-2.9.4-nightly-20150209.jar
   classpathEntry=d:\Users\Administrator\Documents\GitHub\Minecraft-1.12.2-Build\.minecraft\libraries\com\mojang\text2speech\1.10.3\text2speech-1.10.3.jar
   classpathEntry=d:\Users\Administrator\Documents\GitHub\Minecraft-1.12.2-Build\.minecraft\versions\1.12.2-MOD\1.12.2-MOD.jar
   classpathEntry=C:\Users\Administrator\AppData\Roaming\.hmcl\authlib-injector.jar
)
[17:21:15] [main/INFO]: Registering discovery module EnumeratorModuleClassPath: [<Java Class Path>]
[17:21:15] [main/INFO]: Registering discovery module EnumeratorModuleFolder: [d:\Users\Administrator\Documents\GitHub\Minecraft-1.12.2-Build\.minecraft\versions\1.12.2-MOD\mods]
[17:21:15] [main/INFO]: Registering discovery module EnumeratorModuleFolder: [d:\Users\Administrator\Documents\GitHub\Minecraft-1.12.2-Build\.minecraft\versions\1.12.2-MOD\mods\1.12.2]
[17:21:15] [main/INFO]: Registering enumerator plugin DefaultEnumeratorPlugin: [com.mumfrey.liteloader.core.api.DefaultEnumeratorPlugin@5f8890c2]
[17:21:15] [main/INFO]: Discovering valid mod files in folder d:\Users\Administrator\Documents\GitHub\Minecraft-1.12.2-Build\.minecraft\versions\1.12.2-MOD\mods
[17:21:15] [main/INFO]: Inspecting jar metadata in 'AcademyCraft-1.1.2.jar'
[17:21:15] [main/INFO]: Ignoring d:\Users\Administrator\Documents\GitHub\Minecraft-1.12.2-Build\.minecraft\versions\1.12.2-MOD\mods\AcademyCraft-1.1.2.jar
[17:21:15] [main/INFO]: Inspecting jar metadata in 'BrandonsCore-1.12.2-2.4.18.210-universal.jar'
[17:21:15] [main/INFO]: Ignoring d:\Users\Administrator\Documents\GitHub\Minecraft-1.12.2-Build\.minecraft\versions\1.12.2-MOD\mods\BrandonsCore-1.12.2-2.4.18.210-universal.jar
[17:21:15] [main/INFO]: Inspecting jar metadata in 'CodeChickenLib-1.12.2-3.2.3.358-universal.jar'
[17:21:15] [main/INFO]: Ignoring d:\Users\Administrator\Documents\GitHub\Minecraft-1.12.2-Build\.minecraft\versions\1.12.2-MOD\mods\CodeChickenLib-1.12.2-3.2.3.358-universal.jar
[17:21:15] [main/INFO]: Inspecting jar metadata in 'CustomNPCs_1.12.2-(01Oct19).jar'
[17:21:15] [main/INFO]: Ignoring d:\Users\Administrator\Documents\GitHub\Minecraft-1.12.2-Build\.minecraft\versions\1.12.2-MOD\mods\CustomNPCs_1.12.2-(01Oct19).jar
[17:21:15] [main/INFO]: Inspecting jar metadata in 'CustomSkinLoader_Forge-14.11.jar'
[17:21:15] [main/INFO]: Ignoring d:\Users\Administrator\Documents\GitHub\Minecraft-1.12.2-Build\.minecraft\versions\1.12.2-MOD\mods\CustomSkinLoader_Forge-14.11.jar
[17:21:15] [main/INFO]: Inspecting jar metadata in 'Decocraft-2.6.3_1.12.2.jar'
[17:21:15] [main/INFO]: Ignoring d:\Users\Administrator\Documents\GitHub\Minecraft-1.12.2-Build\.minecraft\versions\1.12.2-MOD\mods\Decocraft-2.6.3_1.12.2.jar
[17:21:15] [main/INFO]: Inspecting jar metadata in 'Draconic-Evolution-1.12.2-2.3.25.351-universal.jar'
[17:21:15] [main/INFO]: Ignoring d:\Users\Administrator\Documents\GitHub\Minecraft-1.12.2-Build\.minecraft\versions\1.12.2-MOD\mods\Draconic-Evolution-1.12.2-2.3.25.351-universal.jar
[17:21:15] [main/INFO]: Inspecting jar metadata in 'furniture-6.3.1-1.12.2.jar'
[17:21:15] [main/INFO]: Ignoring d:\Users\Administrator\Documents\GitHub\Minecraft-1.12.2-Build\.minecraft\versions\1.12.2-MOD\mods\furniture-6.3.1-1.12.2.jar
[17:21:15] [main/INFO]: Inspecting jar metadata in 'industrialcraft-2-2.8.196-ex112.jar'
[17:21:15] [main/INFO]: Ignoring d:\Users\Administrator\Documents\GitHub\Minecraft-1.12.2-Build\.minecraft\versions\1.12.2-MOD\mods\industrialcraft-2-2.8.196-ex112.jar
[17:21:15] [main/INFO]: Inspecting jar metadata in 'PTRLib-1.0.4.jar'
[17:21:15] [main/INFO]: Ignoring d:\Users\Administrator\Documents\GitHub\Minecraft-1.12.2-Build\.minecraft\versions\1.12.2-MOD\mods\PTRLib-1.0.4.jar
[17:21:15] [main/INFO]: Inspecting jar metadata in 'RedstoneFlux-1.12-2.1.0.6-universal.jar'
[17:21:15] [main/INFO]: Ignoring d:\Users\Administrator\Documents\GitHub\Minecraft-1.12.2-Build\.minecraft\versions\1.12.2-MOD\mods\RedstoneFlux-1.12-2.1.0.6-universal.jar
[17:21:15] [main/INFO]: Inspecting jar metadata in 'TickrateChanger-1.0.14.jar'
[17:21:15] [main/INFO]: Ignoring d:\Users\Administrator\Documents\GitHub\Minecraft-1.12.2-Build\.minecraft\versions\1.12.2-MOD\mods\TickrateChanger-1.0.14.jar
[17:21:15] [main/INFO]: Inspecting jar metadata in 'Timestop-1.4.jar'
[17:21:15] [main/INFO]: Ignoring d:\Users\Administrator\Documents\GitHub\Minecraft-1.12.2-Build\.minecraft\versions\1.12.2-MOD\mods\Timestop-1.4.jar
[17:21:15] [main/INFO]: Inspecting jar metadata in 'VariedCommodities_1.12.2(21nov19).jar'
[17:21:15] [main/INFO]: Ignoring d:\Users\Administrator\Documents\GitHub\Minecraft-1.12.2-Build\.minecraft\versions\1.12.2-MOD\mods\VariedCommodities_1.12.2(21nov19).jar
[17:21:15] [main/INFO]: Inspecting jar metadata in '创世神-worldedit-forge-mc1.12.2-6.1.10-SNAPSHOT-dist.jar'
[17:21:15] [main/INFO]: Ignoring d:\Users\Administrator\Documents\GitHub\Minecraft-1.12.2-Build\.minecraft\versions\1.12.2-MOD\mods\创世神-worldedit-forge-mc1.12.2-6.1.10-SNAPSHOT-dist.jar
[17:21:15] [main/INFO]: Considering valid mod file: d:\Users\Administrator\Documents\GitHub\Minecraft-1.12.2-Build\.minecraft\versions\1.12.2-MOD\mods\小地图-需要Liteload-mod_voxelMap_1.7.1_for_1.12.2.litemod
[17:21:15] [main/INFO]: Discovering valid mod files in folder d:\Users\Administrator\Documents\GitHub\Minecraft-1.12.2-Build\.minecraft\versions\1.12.2-MOD\mods\1.12.2
[17:21:15] [main/INFO]: Discovering tweaks on class path...
[17:21:15] [main/INFO]: Baking listener list for EnumerationObserver with 1 listeners
[17:21:16] [main/INFO]: Registering discovered mod files in folder d:\Users\Administrator\Documents\GitHub\Minecraft-1.12.2-Build\.minecraft\versions\1.12.2-MOD\mods
[17:21:16] [main/INFO]: Adding newest valid mod file 'd:\Users\Administrator\Documents\GitHub\Minecraft-1.12.2-Build\.minecraft\versions\1.12.2-MOD\mods\小地图-需要Liteload-mod_voxelMap_1.7.1_for_1.12.2.litemod' at revision 1701.0000
[17:21:16] [main/INFO]: Registering discovered mod files in folder d:\Users\Administrator\Documents\GitHub\Minecraft-1.12.2-Build\.minecraft\versions\1.12.2-MOD\mods\1.12.2
[17:21:16] [main/INFO]: Registering mixin config mixins.oldnorth.json for 小地图-需要Liteload-mod_voxelMap_1.7.1_for_1.12.2.litemod
[17:21:16] [main/INFO]: Registering mixin config mixins.voxelmap.json for 小地图-需要Liteload-mod_voxelMap_1.7.1_for_1.12.2.litemod
[17:21:16] [main/INFO]: Initialising LiteLoader Mixins
[17:21:16] [main/INFO]: LiteLoader PREINIT complete
[17:21:19] [main/INFO]: FML detected, switching to searge mappings
[17:21:26] [Client thread/INFO]: Generating new Event Handler Proxy Class com.mumfrey.liteloader.core.event.EventProxy
[17:21:26] [Client thread/INFO]: Successfully generated event handler proxy class with 0 handlers(s) and 0 total invocations
[17:22:24] [Client thread/INFO]: JInput Component Registry is initialising...
[17:22:25] [Client thread/INFO]: Inspecting Keyboard controller HID Keyboard Device on Unknown...
[17:22:25] [Client thread/INFO]: Inspecting Keyboard controller PS/2 ±ê׼¼ü on Unknown...
[17:22:25] [Client thread/INFO]: Inspecting Mouse controller HID-compliant mouse on Unknown...
[17:22:25] [Client thread/INFO]: Inspecting Mouse controller HID-compliant mouse on Unknown...
[17:22:25] [Client thread/INFO]: Inspecting Unknown controller QCTEHBB0B1BF5BAD292 on Unknown...
[17:22:25] [Client thread/INFO]: Inspecting Unknown controller HIDI2C Device on Unknown...
[17:22:25] [Client thread/INFO]: Inspecting Unknown controller ITE Device(8910) on Unknown...
[17:22:25] [Client thread/INFO]: Inspecting Unknown controller ITE Device(8910) on Unknown...
[17:22:25] [Client thread/INFO]: JInput Component Registry initialised, found 8 controller(s) 282 component(s)
[17:22:25] [Client thread/INFO]: LiteLoader begin INIT...
[17:22:25] [Client thread/INFO]: Baking listener list for CoreProvider with 2 listeners
[17:22:25] [Client thread/INFO]: Injecting external mods into class path...
[17:22:25] [Client thread/INFO]: Injecting external mods into class path...
[17:22:25] [Client thread/INFO]: Discovering mods on class path...
[17:22:25] [Client thread/INFO]: Searching d:\Users\Administrator\Documents\GitHub\Minecraft-1.12.2-Build\.minecraft\libraries\net\minecraft\launchwrapper\1.12\launchwrapper-1.12.jar...
[17:22:25] [Client thread/INFO]: Searching d:\Users\Administrator\Documents\GitHub\Minecraft-1.12.2-Build\.minecraft\libraries\org\ow2\asm\asm-all\5.2\asm-all-5.2.jar...
[17:22:25] [Client thread/INFO]: Searching d:\Users\Administrator\Documents\GitHub\Minecraft-1.12.2-Build\.minecraft\libraries\com\mumfrey\liteloader\1.12.2-20171128.144431-4\liteloader-1.12.2-20171128.144431-4.jar...
[17:22:25] [Client thread/INFO]: Searching d:\Users\Administrator\Documents\GitHub\Minecraft-1.12.2-Build\.minecraft\libraries\net\minecraftforge\forge\1.12.2-14.23.5.2847\forge-1.12.2-14.23.5.2847.jar...
[17:22:25] [Client thread/INFO]: Searching d:\Users\Administrator\Documents\GitHub\Minecraft-1.12.2-Build\.minecraft\libraries\org\jline\jline\3.5.1\jline-3.5.1.jar...
[17:22:25] [Client thread/INFO]: Searching d:\Users\Administrator\Documents\GitHub\Minecraft-1.12.2-Build\.minecraft\libraries\net\java\dev\jna\jna\4.4.0\jna-4.4.0.jar...
[17:22:25] [Client thread/INFO]: Searching d:\Users\Administrator\Documents\GitHub\Minecraft-1.12.2-Build\.minecraft\libraries\com\typesafe\akka\akka-actor_2.11\2.3.3\akka-actor_2.11-2.3.3.jar...
[17:22:25] [Client thread/INFO]: Searching d:\Users\Administrator\Documents\GitHub\Minecraft-1.12.2-Build\.minecraft\libraries\com\typesafe\config\1.2.1\config-1.2.1.jar...
[17:22:25] [Client thread/INFO]: Searching d:\Users\Administrator\Documents\GitHub\Minecraft-1.12.2-Build\.minecraft\libraries\org\scala-lang\scala-actors-migration_2.11\1.1.0\scala-actors-migration_2.11-1.1.0.jar...
[17:22:25] [Client thread/INFO]: Searching d:\Users\Administrator\Documents\GitHub\Minecraft-1.12.2-Build\.minecraft\libraries\org\scala-lang\scala-compiler\2.11.1\scala-compiler-2.11.1.jar...
[17:22:25] [Client thread/INFO]: Searching d:\Users\Administrator\Documents\GitHub\Minecraft-1.12.2-Build\.minecraft\libraries\org\scala-lang\plugins\scala-continuations-library_2.11\1.0.2\scala-continuations-library_2.11-1.0.2.jar...
[17:22:25] [Client thread/INFO]: Searching d:\Users\Administrator\Documents\GitHub\Minecraft-1.12.2-Build\.minecraft\libraries\org\scala-lang\plugins\scala-continuations-plugin_2.11.1\1.0.2\scala-continuations-plugin_2.11.1-1.0.2.jar...
[17:22:25] [Client thread/INFO]: Searching d:\Users\Administrator\Documents\GitHub\Minecraft-1.12.2-Build\.minecraft\libraries\org\scala-lang\scala-library\2.11.1\scala-library-2.11.1.jar...
[17:22:25] [Client thread/INFO]: Searching d:\Users\Administrator\Documents\GitHub\Minecraft-1.12.2-Build\.minecraft\libraries\org\scala-lang\scala-parser-combinators_2.11\1.0.1\scala-parser-combinators_2.11-1.0.1.jar...
[17:22:25] [Client thread/INFO]: Searching d:\Users\Administrator\Documents\GitHub\Minecraft-1.12.2-Build\.minecraft\libraries\org\scala-lang\scala-reflect\2.11.1\scala-reflect-2.11.1.jar...
[17:22:25] [Client thread/INFO]: Searching d:\Users\Administrator\Documents\GitHub\Minecraft-1.12.2-Build\.minecraft\libraries\org\scala-lang\scala-swing_2.11\1.0.1\scala-swing_2.11-1.0.1.jar...
[17:22:25] [Client thread/INFO]: Searching d:\Users\Administrator\Documents\GitHub\Minecraft-1.12.2-Build\.minecraft\libraries\org\scala-lang\scala-xml_2.11\1.0.2\scala-xml_2.11-1.0.2.jar...
[17:22:25] [Client thread/INFO]: Searching d:\Users\Administrator\Documents\GitHub\Minecraft-1.12.2-Build\.minecraft\libraries\lzma\lzma\0.0.1\lzma-0.0.1.jar...
[17:22:25] [Client thread/INFO]: Searching d:\Users\Administrator\Documents\GitHub\Minecraft-1.12.2-Build\.minecraft\libraries\net\sf\jopt-simple\jopt-simple\5.0.3\jopt-simple-5.0.3.jar...
[17:22:25] [Client thread/INFO]: Searching d:\Users\Administrator\Documents\GitHub\Minecraft-1.12.2-Build\.minecraft\libraries\java3d\vecmath\1.5.2\vecmath-1.5.2.jar...
[17:22:25] [Client thread/INFO]: Searching d:\Users\Administrator\Documents\GitHub\Minecraft-1.12.2-Build\.minecraft\libraries\net\sf\trove4j\trove4j\3.0.3\trove4j-3.0.3.jar...
[17:22:25] [Client thread/INFO]: Searching d:\Users\Administrator\Documents\GitHub\Minecraft-1.12.2-Build\.minecraft\libraries\org\apache\maven\maven-artifact\3.5.3\maven-artifact-3.5.3.jar...
[17:22:25] [Client thread/INFO]: Searching d:\Users\Administrator\Documents\GitHub\Minecraft-1.12.2-Build\.minecraft\libraries\com\mojang\patchy\1.1\patchy-1.1.jar...
[17:22:25] [Client thread/INFO]: Searching d:\Users\Administrator\Documents\GitHub\Minecraft-1.12.2-Build\.minecraft\libraries\oshi-project\oshi-core\1.1\oshi-core-1.1.jar...
[17:22:25] [Client thread/INFO]: Searching d:\Users\Administrator\Documents\GitHub\Minecraft-1.12.2-Build\.minecraft\libraries\net\java\dev\jna\platform\3.4.0\platform-3.4.0.jar...
[17:22:25] [Client thread/INFO]: Searching d:\Users\Administrator\Documents\GitHub\Minecraft-1.12.2-Build\.minecraft\libraries\com\ibm\icu\icu4j-core-mojang\51.2\icu4j-core-mojang-51.2.jar...
[17:22:25] [Client thread/INFO]: Searching d:\Users\Administrator\Documents\GitHub\Minecraft-1.12.2-Build\.minecraft\libraries\com\paulscode\codecjorbis\20101023\codecjorbis-20101023.jar...
[17:22:25] [Client thread/INFO]: Searching d:\Users\Administrator\Documents\GitHub\Minecraft-1.12.2-Build\.minecraft\libraries\com\paulscode\codecwav\20101023\codecwav-20101023.jar...
[17:22:25] [Client thread/INFO]: Searching d:\Users\Administrator\Documents\GitHub\Minecraft-1.12.2-Build\.minecraft\libraries\com\paulscode\libraryjavasound\20101123\libraryjavasound-20101123.jar...
[17:22:25] [Client thread/INFO]: Searching d:\Users\Administrator\Documents\GitHub\Minecraft-1.12.2-Build\.minecraft\libraries\com\paulscode\librarylwjglopenal\20100824\librarylwjglopenal-20100824.jar...
[17:22:25] [Client thread/INFO]: Searching d:\Users\Administrator\Documents\GitHub\Minecraft-1.12.2-Build\.minecraft\libraries\com\paulscode\soundsystem\20120107\soundsystem-20120107.jar...
[17:22:25] [Client thread/INFO]: Searching d:\Users\Administrator\Documents\GitHub\Minecraft-1.12.2-Build\.minecraft\libraries\io\netty\netty-all\4.1.9.Final\netty-all-4.1.9.Final.jar...
[17:22:25] [Client thread/INFO]: Searching d:\Users\Administrator\Documents\GitHub\Minecraft-1.12.2-Build\.minecraft\libraries\com\google\guava\guava\21.0\guava-21.0.jar...
[17:22:25] [Client thread/INFO]: Searching d:\Users\Administrator\Documents\GitHub\Minecraft-1.12.2-Build\.minecraft\libraries\org\apache\commons\commons-lang3\3.5\commons-lang3-3.5.jar...
[17:22:25] [Client thread/INFO]: Searching d:\Users\Administrator\Documents\GitHub\Minecraft-1.12.2-Build\.minecraft\libraries\commons-io\commons-io\2.5\commons-io-2.5.jar...
[17:22:25] [Client thread/INFO]: Searching d:\Users\Administrator\Documents\GitHub\Minecraft-1.12.2-Build\.minecraft\libraries\commons-codec\commons-codec\1.10\commons-codec-1.10.jar...
[17:22:25] [Client thread/INFO]: Searching d:\Users\Administrator\Documents\GitHub\Minecraft-1.12.2-Build\.minecraft\libraries\net\java\jinput\jinput\2.0.5\jinput-2.0.5.jar...
[17:22:25] [Client thread/INFO]: Searching d:\Users\Administrator\Documents\GitHub\Minecraft-1.12.2-Build\.minecraft\libraries\net\java\jutils\jutils\1.0.0\jutils-1.0.0.jar...
[17:22:25] [Client thread/INFO]: Searching d:\Users\Administrator\Documents\GitHub\Minecraft-1.12.2-Build\.minecraft\libraries\com\google\code\gson\gson\2.8.0\gson-2.8.0.jar...
[17:22:25] [Client thread/INFO]: Searching d:\Users\Administrator\Documents\GitHub\Minecraft-1.12.2-Build\.minecraft\libraries\com\mojang\authlib\1.5.25\authlib-1.5.25.jar...
[17:22:25] [Client thread/INFO]: Searching d:\Users\Administrator\Documents\GitHub\Minecraft-1.12.2-Build\.minecraft\libraries\com\mojang\realms\1.10.22\realms-1.10.22.jar...
[17:22:25] [Client thread/INFO]: Searching d:\Users\Administrator\Documents\GitHub\Minecraft-1.12.2-Build\.minecraft\libraries\org\apache\commons\commons-compress\1.8.1\commons-compress-1.8.1.jar...
[17:22:25] [Client thread/INFO]: Searching d:\Users\Administrator\Documents\GitHub\Minecraft-1.12.2-Build\.minecraft\libraries\org\apache\httpcomponents\httpclient\4.3.3\httpclient-4.3.3.jar...
[17:22:25] [Client thread/INFO]: Searching d:\Users\Administrator\Documents\GitHub\Minecraft-1.12.2-Build\.minecraft\libraries\commons-logging\commons-logging\1.1.3\commons-logging-1.1.3.jar...
[17:22:25] [Client thread/INFO]: Searching d:\Users\Administrator\Documents\GitHub\Minecraft-1.12.2-Build\.minecraft\libraries\org\apache\httpcomponents\httpcore\4.3.2\httpcore-4.3.2.jar...
[17:22:25] [Client thread/INFO]: Searching d:\Users\Administrator\Documents\GitHub\Minecraft-1.12.2-Build\.minecraft\libraries\it\unimi\dsi\fastutil\7.1.0\fastutil-7.1.0.jar...
[17:22:25] [Client thread/INFO]: Searching d:\Users\Administrator\Documents\GitHub\Minecraft-1.12.2-Build\.minecraft\libraries\org\apache\logging\log4j\log4j-api\2.8.1\log4j-api-2.8.1.jar...
[17:22:25] [Client thread/INFO]: Searching d:\Users\Administrator\Documents\GitHub\Minecraft-1.12.2-Build\.minecraft\libraries\org\apache\logging\log4j\log4j-core\2.8.1\log4j-core-2.8.1.jar...
[17:22:25] [Client thread/INFO]: Searching d:\Users\Administrator\Documents\GitHub\Minecraft-1.12.2-Build\.minecraft\libraries\org\lwjgl\lwjgl\lwjgl\2.9.4-nightly-20150209\lwjgl-2.9.4-nightly-20150209.jar...
[17:22:25] [Client thread/INFO]: Searching d:\Users\Administrator\Documents\GitHub\Minecraft-1.12.2-Build\.minecraft\libraries\org\lwjgl\lwjgl\lwjgl_util\2.9.4-nightly-20150209\lwjgl_util-2.9.4-nightly-20150209.jar...
[17:22:25] [Client thread/INFO]: Searching d:\Users\Administrator\Documents\GitHub\Minecraft-1.12.2-Build\.minecraft\libraries\com\mojang\text2speech\1.10.3\text2speech-1.10.3.jar...
[17:22:25] [Client thread/INFO]: Searching d:\Users\Administrator\Documents\GitHub\Minecraft-1.12.2-Build\.minecraft\versions\1.12.2-MOD\1.12.2-MOD.jar...
[17:22:25] [Client thread/INFO]: Searching C:\Users\Administrator\AppData\Roaming\.hmcl\authlib-injector.jar...
[17:22:25] [Client thread/INFO]: Discovering mods in valid mod files...
[17:22:25] [Client thread/INFO]: Searching d:\Users\Administrator\Documents\GitHub\Minecraft-1.12.2-Build\.minecraft\versions\1.12.2-MOD\mods\小地图-需要Liteload-mod_voxelMap_1.7.1_for_1.12.2.litemod...
[17:22:25] [Client thread/INFO]: Found 1 potential matches
[17:22:25] [Client thread/INFO]: Discovering mods in valid mod files...
[17:22:25] [Client thread/INFO]: Mod class discovery completed
[17:22:25] [Client thread/INFO]: LiteLoader begin POSTINIT...
[17:22:25] [Client thread/INFO]: Inhibiting sound handler reload
[17:22:25] [Client thread/INFO]: Registering interface provider com.mumfrey.liteloader.client.LiteLoaderEventBrokerClient for API LiteLoader core API
[17:22:25] [Client thread/INFO]: Registering interface provider com.mumfrey.liteloader.client.PacketEventsClient for API LiteLoader core API
[17:22:25] [Client thread/INFO]: Registering interface provider com.mumfrey.liteloader.client.ClientPluginChannelsClient for API LiteLoader core API
[17:22:25] [Client thread/INFO]: Registering interface provider com.mumfrey.liteloader.core.ServerPluginChannels for API LiteLoader core API
[17:22:25] [Client thread/INFO]: Registering interface provider com.mumfrey.liteloader.messaging.MessageBus for API LiteLoader core API
[17:22:25] [Client thread/INFO]: Discovered 1 total mod(s), injected 0 tweak(s)
[17:22:25] [Client thread/INFO]: Loading mod from com.mamiyaotaru.voxelmap.litemod.LiteModVoxelMap
[17:22:25] [Client thread/INFO]: Baking listener list for ModLoadObserver with 1 listeners
[17:22:25] [Client thread/INFO]: Successfully added mod VoxelMap version 1.7.1
[17:22:25] [Client thread/INFO]: Adding "d:\Users\Administrator\Documents\GitHub\Minecraft-1.12.2-Build\.minecraft\versions\1.12.2-MOD\mods\小地图-需要Liteload-mod_voxelMap_1.7.1_for_1.12.2.litemod" to active resource pack set
[17:22:25] [Client thread/INFO]: Setting up "小地图-需要Liteload-mod_voxelMap_1.7.1_for_1.12.2.litemod" as mod resource pack with identifier "VoxelMap"
[17:22:25] [Client thread/INFO]: Successfully added "d:\Users\Administrator\Documents\GitHub\Minecraft-1.12.2-Build\.minecraft\versions\1.12.2-MOD\mods\小地图-需要Liteload-mod_voxelMap_1.7.1_for_1.12.2.litemod" to active resource pack set
[17:22:25] [Client thread/INFO]: Initialising mod VoxelMap version 1.7.1
[17:22:25] [Client thread/INFO]: Baking listener list for InterfaceObserver with 0 listeners
[17:22:47] [Client thread/INFO]: Calling late init for mod VoxelMap
[17:22:49] [Client thread/INFO]: Baking listener list for ViewportListener with 0 listeners
[17:22:49] [Client thread/INFO]: Sound handler reload inhibit removed
[17:22:49] [Client thread/INFO]: Reloading sound handler
[17:22:50] [Client thread/INFO]: Baking listener list for GameLoopListener with 0 listeners
[17:22:50] [Client thread/INFO]: Baking listener list for RenderListener with 1 listeners
[17:22:51] [Client thread/INFO]: Baking listener list for TickObserver with 3 listeners
[17:22:51] [Client thread/INFO]: Baking listener list for PostRenderObserver with 3 listeners
[17:22:51] [Client thread/INFO]: Baking listener list for Tickable with 1 listeners
[17:22:51] [Client thread/INFO]: Baking listener list for FrameBufferListener with 0 listeners
[17:23:09] [Client thread/INFO]: Baking listener list for ServerCommandProvider with 0 listeners
[17:23:14] [Server thread/INFO]: Baking listener list for IEventState with 0 listeners
[17:23:14] [Server thread/INFO]: Baking listener list for ServerTickable with 0 listeners
[17:23:16] [Netty Server IO #1/INFO]: Generating new Event Handler Proxy Class com.mumfrey.liteloader.core.event.EventProxy$2
[17:23:16] [Netty Server IO #1/INFO]: Successfully generated event handler proxy class with 124 handlers(s) and 124 total invocations
[17:23:16] [Netty Local Client IO #0/INFO]: Baking listener list for PostLoginListener with 0 listeners
[17:23:16] [Server thread/INFO]: Baking listener list for ServerPlayerListener with 0 listeners
[17:23:16] [Server thread/INFO]: Baking listener list for IEventState with 1 listeners
[17:23:16] [Client thread/INFO]: Baking listener list for PreJoinGameListener with 0 listeners
[17:23:27] [Client thread/INFO]: Baking listener list for JoinGameListener with 1 listeners
[17:23:27] [Client thread/INFO]: Baking listener list for PreRenderListener with 0 listeners
[17:23:28] [Client thread/INFO]: Baking listener list for PostRenderListener with 1 listeners
[17:23:28] [Client thread/INFO]: Baking listener list for HUDRenderListener with 1 listeners
[17:23:28] [Client thread/INFO]: Baking listener list for WorldObserver with 2 listeners
[17:23:29] [Server thread/INFO]: Baking listener list for PlayerMoveListener with 0 listeners
[17:23:29] [Client thread/INFO]: Baking listener list for ChatListener with 0 listeners
[17:23:34] [Client thread/INFO]: Baking listener list for EntityRenderListener with 0 listeners
[17:24:17] [Client thread/INFO]: Baking listener list for PlayerClickListener with 0 listeners
[17:24:17] [Server thread/INFO]: Baking listener list for PlayerInteractionListener with 0 listeners
[17:25:13] [Client thread/INFO]: Baking listener list for OutboundChatFilter with 1 listeners
[17:25:13] [Server thread/INFO]: Baking listener list for ServerChatFilter with 0 listeners
[17:30:42] [Client thread/INFO]: LiteLoader is shutting down, shutting down core providers and syncing configuration
[17:30:42] [Client thread/INFO]: Baking listener list for ShutdownObserver with 3 listeners
