[14:47:15] [main/INFO]: Loading tweak class name net.minecraftforge.fml.common.launcher.FMLTweaker
[14:47:15] [main/INFO]: Using primary tweak class name net.minecraftforge.fml.common.launcher.FMLTweaker
[14:47:15] [main/INFO]: Calling tweak class net.minecraftforge.fml.common.launcher.FMLTweaker
[14:47:15] [main/INFO]: Forge Mod Loader version 14.23.5.2860 for Minecraft 1.12.2 loading
[14:47:15] [main/INFO]: Java is Java HotSpot(TM) 64-Bit Server VM, version 1.8.0_251, running on Windows 7:amd64:6.1, installed at C:\Program Files\Java\jdk1.8.0_251\jre
[14:47:15] [main/INFO]: Searching D:\Users\Administrator\Documents\GitHub\Minecraft-1.12.2-Build\.minecraft\versions\1.12.2-mp\mods for mods
[14:47:15] [main/WARN]: Found FMLCorePluginContainsFMLMod marker in [0-辅助-R键整理]InventoryTweaks-1.63.jar. This is not recommended, @Mods should be in a separate jar from the coremod.
[14:47:15] [main/WARN]: The coremod invtweaks.forge.asm.FMLPlugin does not have a MCVersion annotation, it may cause issues with this version of Minecraft
[14:47:15] [main/INFO]: Loading tweaker org.spongepowered.asm.launch.MixinTweaker from [0-辅助-体素地图]VoxelMap-1.9.27_for_1.12.2.jar
[14:47:15] [main/WARN]: The coremod me.towdium.jecharacters.core.JechCore does not have a MCVersion annotation, it may cause issues with this version of Minecraft
[14:47:15] [main/WARN]: The coremod JechCore (me.towdium.jecharacters.core.JechCore) is not signed!
[14:47:15] [main/WARN]: Found FMLCorePluginContainsFMLMod marker in [0-辅助-皮肤]-CustomSkinLoader_Forge-14.9.jar. This is not recommended, @Mods should be in a separate jar from the coremod.
[14:47:15] [main/WARN]: The coremod customskinloader.forge.ForgePlugin does not have a MCVersion annotation, it may cause issues with this version of Minecraft
[14:47:15] [main/WARN]: The coremod ForgePlugin (customskinloader.forge.ForgePlugin) is not signed!
[14:47:15] [main/INFO]: Loading tweaker guichaguri.betterfps.tweaker.BetterFpsTweaker from [0-辅助-算法优化]BetterFps-1.4.8.jar
[14:47:15] [main/WARN]: Found FMLCorePluginContainsFMLMod marker in [学园都市]AcademyCraft-1.1.2.jar. This is not recommended, @Mods should be in a separate jar from the coremod.
[14:47:15] [main/WARN]: The coremod cn.lambdalib2.CorePlugin does not have a MCVersion annotation, it may cause issues with this version of Minecraft
[14:47:15] [main/WARN]: The coremod CorePlugin (cn.lambdalib2.CorePlugin) is not signed!
[14:47:15] [main/WARN]: The coremod micdoodle8.mods.miccore.MicdoodlePlugin does not have a MCVersion annotation, it may cause issues with this version of Minecraft
[14:47:15] [main/WARN]: The coremod MicdoodlePlugin (micdoodle8.mods.miccore.MicdoodlePlugin) is not signed!
[14:47:15] [main/WARN]: Found FMLCorePluginContainsFMLMod marker in [自定义NPC修复]CustomNPCsFix-B1.2.2.9-1.12.2.jar. This is not recommended, @Mods should be in a separate jar from the coremod.
[14:47:15] [main/WARN]: The coremod CustomNPCFixPlugin (mchhui.customnpcsfix.coremod.CustomNPCFixPlugin) is not signed!
[14:47:15] [main/INFO]: Loading tweak class name net.minecraftforge.fml.common.launcher.FMLInjectionAndSortingTweaker
[14:47:15] [main/INFO]: Loading tweak class name org.spongepowered.asm.launch.MixinTweaker
[14:47:15] [main/INFO]: SpongePowered MIXIN Subsystem Version=0.8 Source=file:/D:/Users/Administrator/Documents/GitHub/Minecraft-1.12.2-Build/.minecraft/versions/1.12.2-mp/mods/%5B0-辅助-体素地图%5DVoxelMap-1.9.27_for_1.12.2.jar Service=LaunchWrapper Env=CLIENT
[14:47:16] [main/INFO]: Loading tweak class name guichaguri.betterfps.tweaker.BetterFpsTweaker
[14:47:16] [main/INFO]: Loading tweak class name net.minecraftforge.fml.common.launcher.FMLDeobfTweaker
[14:47:16] [main/INFO]: Calling tweak class net.minecraftforge.fml.common.launcher.FMLInjectionAndSortingTweaker
[14:47:16] [main/INFO]: Calling tweak class net.minecraftforge.fml.common.launcher.FMLInjectionAndSortingTweaker
[14:47:16] [main/INFO]: Calling tweak class net.minecraftforge.fml.relauncher.CoreModManager$FMLPluginWrapper
[14:47:16] [main/DEBUG]: Injecting coremod FMLCorePlugin \{net.minecraftforge.fml.relauncher.FMLCorePlugin\} class transformers
[14:47:16] [main/TRACE]: Registering transformer net.minecraftforge.fml.common.asm.transformers.SideTransformer
[14:47:16] [main/TRACE]: Registering transformer net.minecraftforge.fml.common.asm.transformers.EventSubscriptionTransformer
[14:47:16] [main/TRACE]: Registering transformer net.minecraftforge.fml.common.asm.transformers.EventSubscriberTransformer
[14:47:16] [main/TRACE]: Registering transformer net.minecraftforge.fml.common.asm.transformers.SoundEngineFixTransformer
[14:47:16] [main/DEBUG]: Injection complete
[14:47:16] [main/DEBUG]: Running coremod plugin for FMLCorePlugin \{net.minecraftforge.fml.relauncher.FMLCorePlugin\}
[14:47:16] [main/DEBUG]: Running coremod plugin FMLCorePlugin
[14:47:19] [main/INFO]: Found valid fingerprint for Minecraft Forge. Certificate fingerprint e3c3d50c7c986df74c645c0ac54639741c90a557
[14:47:19] [main/INFO]: Found valid fingerprint for Minecraft. Certificate fingerprint cd99959656f753dc28d863b46769f7f8fbaefcfc
[14:47:19] [main/DEBUG]: Coremod plugin class FMLCorePlugin run successfully
[14:47:19] [main/INFO]: Calling tweak class net.minecraftforge.fml.relauncher.CoreModManager$FMLPluginWrapper
[14:47:19] [main/DEBUG]: Injecting coremod FMLForgePlugin \{net.minecraftforge.classloading.FMLForgePlugin\} class transformers
[14:47:19] [main/DEBUG]: Injection complete
[14:47:19] [main/DEBUG]: Running coremod plugin for FMLForgePlugin \{net.minecraftforge.classloading.FMLForgePlugin\}
[14:47:19] [main/DEBUG]: Running coremod plugin FMLForgePlugin
[14:47:19] [main/DEBUG]: Coremod plugin class FMLForgePlugin run successfully
[14:47:19] [main/INFO]: Calling tweak class net.minecraftforge.fml.relauncher.CoreModManager$FMLPluginWrapper
[14:47:19] [main/DEBUG]: Injecting coremod JechCore \{me.towdium.jecharacters.core.JechCore\} class transformers
[14:47:19] [main/TRACE]: Registering transformer me.towdium.jecharacters.core.JechClassTransformer
[14:47:19] [main/DEBUG]: Injection complete
[14:47:19] [main/DEBUG]: Running coremod plugin for JechCore \{me.towdium.jecharacters.core.JechCore\}
[14:47:19] [main/DEBUG]: Running coremod plugin JechCore
[14:47:19] [main/INFO]: Starting loading pinyin data
[14:47:19] [main/INFO]: Finished loading pinyin data
[14:47:19] [main/DEBUG]: Coremod plugin class JechCore run successfully
[14:47:19] [main/INFO]: Calling tweak class net.minecraftforge.fml.relauncher.CoreModManager$FMLPluginWrapper
[14:47:19] [main/DEBUG]: Injecting coremod ForgePlugin \{customskinloader.forge.ForgePlugin\} class transformers
[14:47:19] [main/TRACE]: Registering transformer customskinloader.forge.TransformerManager
[14:47:19] [main/INFO]: [customskinloader.Logger:log:68]: [main INFO] [CSL DEBUG] REGISTERING TRANSFORMER customskinloader.forge.transformer.SkinManagerTransformer$InitTransformer
[14:47:19] [main/INFO]: [customskinloader.Logger:log:68]: [main INFO] [CSL DEBUG] REGISTERING METHOD net.minecraft.client.resources.SkinManager(<init>(Lnet/minecraft/client/renderer/texture/TextureManager;Ljava/io/File;Lcom/mojang/authlib/minecraft/MinecraftSessionService;)V)
[14:47:19] [main/INFO]: [customskinloader.Logger:log:68]: [main INFO] [CSL DEBUG] REGISTERING TRANSFORMER customskinloader.forge.transformer.SkinManagerTransformer$LoadSkinTransformer
[14:47:19] [main/INFO]: [customskinloader.Logger:log:68]: [main INFO] [CSL DEBUG] REGISTERING METHOD net.minecraft.client.resources.SkinManager(func_152789_a(Lcom/mojang/authlib/minecraft/MinecraftProfileTexture;Lcom/mojang/authlib/minecraft/MinecraftProfileTexture$Type;Lnet/minecraft/client/resources/SkinManager$SkinAvailableCallback;)Lnet/minecraft/util/ResourceLocation;)
[14:47:19] [main/INFO]: [customskinloader.Logger:log:68]: [main INFO] [CSL DEBUG] REGISTERING METHOD net.minecraft.client.resources.SkinManager(loadSkin(Lcom/mojang/authlib/minecraft/MinecraftProfileTexture;Lcom/mojang/authlib/minecraft/MinecraftProfileTexture$Type;Lnet/minecraft/client/resources/SkinManager$SkinAvailableCallback;)Lnet/minecraft/util/ResourceLocation;)
[14:47:19] [main/INFO]: [customskinloader.Logger:log:68]: [main INFO] [CSL DEBUG] REGISTERING TRANSFORMER customskinloader.forge.transformer.SkinManagerTransformer$LoadProfileTexturesTransformer
[14:47:19] [main/INFO]: [customskinloader.Logger:log:68]: [main INFO] [CSL DEBUG] REGISTERING METHOD net.minecraft.client.resources.SkinManager(func_152790_a(Lcom/mojang/authlib/GameProfile;Lnet/minecraft/client/resources/SkinManager$SkinAvailableCallback;Z)V)
[14:47:19] [main/INFO]: [customskinloader.Logger:log:68]: [main INFO] [CSL DEBUG] REGISTERING METHOD net.minecraft.client.resources.SkinManager(loadProfileTextures(Lcom/mojang/authlib/GameProfile;Lnet/minecraft/client/resources/SkinManager$SkinAvailableCallback;Z)V)
[14:47:19] [main/INFO]: [customskinloader.Logger:log:68]: [main INFO] [CSL DEBUG] REGISTERING TRANSFORMER customskinloader.forge.transformer.SkinManagerTransformer$LoadSkinFromCacheTransformer
[14:47:19] [main/INFO]: [customskinloader.Logger:log:68]: [main INFO] [CSL DEBUG] REGISTERING METHOD net.minecraft.client.resources.SkinManager(func_152788_a(Lcom/mojang/authlib/GameProfile;)Ljava/util/Map;)
[14:47:19] [main/INFO]: [customskinloader.Logger:log:68]: [main INFO] [CSL DEBUG] REGISTERING METHOD net.minecraft.client.resources.SkinManager(loadSkinFromCache(Lcom/mojang/authlib/GameProfile;)Ljava/util/Map;)
[14:47:19] [main/INFO]: [customskinloader.Logger:log:68]: [main INFO] [CSL DEBUG] REGISTERING TRANSFORMER customskinloader.forge.transformer.PlayerTabTransformer$ScoreObjectiveTransformer
[14:47:19] [main/INFO]: [customskinloader.Logger:log:68]: [main INFO] [CSL DEBUG] REGISTERING METHOD net.minecraft.client.gui.GuiPlayerTabOverlay(func_175249_a(ILnet/minecraft/scoreboard/Scoreboard;Lnet/minecraft/scoreboard/ScoreObjective;)V)
[14:47:19] [main/INFO]: [customskinloader.Logger:log:68]: [main INFO] [CSL DEBUG] REGISTERING METHOD net.minecraft.client.gui.GuiPlayerTabOverlay(renderPlayerlist(ILnet/minecraft/scoreboard/Scoreboard;Lnet/minecraft/scoreboard/ScoreObjective;)V)
[14:47:19] [main/INFO]: [customskinloader.Logger:log:68]: [main INFO] [CSL DEBUG] REGISTERING TRANSFORMER customskinloader.forge.transformer.SpectatorMenuTransformer$PlayerMenuObjectTransformer
[14:47:19] [main/INFO]: [customskinloader.Logger:log:68]: [main INFO] [CSL DEBUG] REGISTERING METHOD net.minecraft.client.gui.spectator.PlayerMenuObject(<init>(Lcom/mojang/authlib/GameProfile;)V)
[14:47:19] [main/DEBUG]: Injection complete
[14:47:19] [main/DEBUG]: Running coremod plugin for ForgePlugin \{customskinloader.forge.ForgePlugin\}
[14:47:19] [main/DEBUG]: Running coremod plugin ForgePlugin
[14:47:19] [main/DEBUG]: Coremod plugin class ForgePlugin run successfully
[14:47:19] [main/INFO]: Calling tweak class net.minecraftforge.fml.relauncher.CoreModManager$FMLPluginWrapper
[14:47:19] [main/DEBUG]: Injecting coremod CorePlugin \{cn.lambdalib2.CorePlugin\} class transformers
[14:47:19] [main/TRACE]: Registering transformer cn.lambdalib2.render.mc.PipelineTransformer
[14:47:19] [main/TRACE]: Registering transformer cn.lambdalib2.registry.impl.RegistryTransformer
[14:47:19] [main/DEBUG]: Injection complete
[14:47:19] [main/DEBUG]: Running coremod plugin for CorePlugin \{cn.lambdalib2.CorePlugin\}
[14:47:19] [main/DEBUG]: Running coremod plugin CorePlugin
[14:47:19] [main/DEBUG]: Coremod plugin class CorePlugin run successfully
[14:47:19] [main/INFO]: Calling tweak class net.minecraftforge.fml.relauncher.CoreModManager$FMLPluginWrapper
[14:47:19] [main/DEBUG]: Injecting coremod MicdoodlePlugin \{micdoodle8.mods.miccore.MicdoodlePlugin\} class transformers
[14:47:19] [main/INFO]: [micdoodle8.mods.miccore.MicdoodlePlugin:getASMTransformerClass:99]: Successfully Registered Transformer
[14:47:19] [main/TRACE]: Registering transformer micdoodle8.mods.miccore.MicdoodleTransformer
[14:47:19] [main/DEBUG]: Injection complete
[14:47:19] [main/DEBUG]: Running coremod plugin for MicdoodlePlugin \{micdoodle8.mods.miccore.MicdoodlePlugin\}
[14:47:19] [main/DEBUG]: Running coremod plugin MicdoodlePlugin
[14:47:20] [main/INFO]: [micdoodle8.mods.miccore.MicdoodlePlugin:injectData:292]: [Micdoodle8Core]: Patching game...
[14:47:20] [main/INFO]: [micdoodle8.mods.miccore.MicdoodlePlugin:injectData:292]: [Micdoodle8Core]: Patching game...
[14:47:20] [main/DEBUG]: Coremod plugin class MicdoodlePlugin run successfully
[14:47:20] [main/INFO]: Calling tweak class org.spongepowered.asm.launch.MixinTweaker
[14:47:20] [main/INFO]: Compatibility level set to JAVA_8
[14:47:20] [main/INFO]: Calling tweak class guichaguri.betterfps.tweaker.BetterFpsTweaker
[14:47:20] [main/INFO]: Calling tweak class net.minecraftforge.fml.common.launcher.FMLDeobfTweaker
[14:47:20] [main/DEBUG]: Validating minecraft
[14:47:20] [main/INFO]: Calling tweak class net.minecraftforge.fml.relauncher.CoreModManager$FMLPluginWrapper
[14:47:20] [main/INFO]: Calling tweak class net.minecraftforge.fml.relauncher.CoreModManager$FMLPluginWrapper
[14:47:20] [main/INFO]: Loading tweak class name net.minecraftforge.fml.common.launcher.TerminalTweaker
[14:47:20] [main/INFO]: Loading tweak class name org.spongepowered.asm.mixin.EnvironmentStateTweaker
[14:47:20] [main/INFO]: Calling tweak class net.minecraftforge.fml.common.launcher.TerminalTweaker
[14:47:20] [main/INFO]: Calling tweak class org.spongepowered.asm.mixin.EnvironmentStateTweaker
[14:47:21] [main/INFO]: Patching net.minecraft.client.renderer.EntityRenderer... (buq)
[14:47:21] [main/INFO]: A re-entrant transformer 'guichaguri.betterfps.transformers.PatcherTransformer' was detected and will no longer process meta class data
[14:47:21] [main/INFO]: [cn.lambdalib2.render.mc.PipelineTransformer:transform:16]: Transforming RenderGlobal
[14:47:21] [main/INFO]: [cn.lambdalib2.render.mc.PipelineTransformer$EntityRendererVisitor:visitMethod:50]: Transforming RenderGlobal.renderEntities
[14:47:21] [main/INFO]: A re-entrant transformer '$wrapper.cn.lambdalib2.render.mc.PipelineTransformer' was detected and will no longer process meta class data
[14:47:21] [main/INFO]: Launching wrapped minecraft {net.minecraft.client.main.Main}
[14:47:21] [main/INFO]: Patching net.minecraft.client.Minecraft... (bib)
[14:47:21] [main/INFO]: Patching net.minecraft.client.entity.EntityPlayerSP... (bud)
[14:47:22] [Client thread/INFO]: Setting user: GLgele
[14:47:23] [Client thread/INFO]: Patching net.minecraft.block.Block... (aow)
[14:47:24] [Client thread/INFO]: Patching math utils with "RIVENS_HALF" algorithm
